  源.c
d:\c++\c-code\4_13\4_13\myqueue.h(67): error C2011: “Queue”:“struct”类型重定义
  d:\c++\c-code\4_13\4_13\myqueue.h(62): note: 参见“Queue”的声明
d:\c++\c-code\4_13\4_13\myqueue.h(72): error C2061: 语法错误: 标识符“MyStack”
d:\c++\c-code\4_13\4_13\myqueue.h(72): error C2059: 语法错误:“;”
d:\c++\c-code\4_13\4_13\myqueue.h(74): error C2143: 语法错误: 缺少“)”(在“*”的前面)
d:\c++\c-code\4_13\4_13\myqueue.h(74): error C2143: 语法错误: 缺少“{”(在“*”的前面)
d:\c++\c-code\4_13\4_13\myqueue.h(74): error C2059: 语法错误:“)”
d:\c++\c-code\4_13\4_13\myqueue.h(75): error C2054: 在“q”之后应输入“(”
d:\c++\c-code\4_13\4_13\myqueue.h(88): error C2143: 语法错误: 缺少“)”(在“*”的前面)
d:\c++\c-code\4_13\4_13\myqueue.h(88): error C2143: 语法错误: 缺少“{”(在“*”的前面)
d:\c++\c-code\4_13\4_13\myqueue.h(88): error C2370: “QDataType”: 重定义；不同的存储类
  d:\c++\c-code\4_13\4_13\myqueue.h(61): note: 参见“QDataType”的声明
d:\c++\c-code\4_13\4_13\myqueue.h(88): error C2146: 语法错误: 缺少“;”(在标识符“data”的前面)
d:\c++\c-code\4_13\4_13\myqueue.h(88): error C2059: 语法错误:“)”
d:\c++\c-code\4_13\4_13\myqueue.h(89): error C2054: 在“data”之后应输入“(”
d:\c++\c-code\4_13\4_13\myqueue.h(102): error C2143: 语法错误: 缺少“)”(在“*”的前面)
d:\c++\c-code\4_13\4_13\myqueue.h(102): error C2143: 语法错误: 缺少“{”(在“*”的前面)
d:\c++\c-code\4_13\4_13\myqueue.h(102): error C2059: 语法错误:“)”
d:\c++\c-code\4_13\4_13\myqueue.h(103): error C2054: 在“q”之后应输入“(”
d:\c++\c-code\4_13\4_13\myqueue.h(116): error C2143: 语法错误: 缺少“)”(在“*”的前面)
d:\c++\c-code\4_13\4_13\myqueue.h(116): error C2143: 语法错误: 缺少“{”(在“*”的前面)
d:\c++\c-code\4_13\4_13\myqueue.h(116): error C2059: 语法错误:“)”
d:\c++\c-code\4_13\4_13\myqueue.h(117): error C2054: 在“q”之后应输入“(”
d:\c++\c-code\4_13\4_13\myqueue.h(121): error C2143: 语法错误: 缺少“)”(在“*”的前面)
d:\c++\c-code\4_13\4_13\myqueue.h(121): error C2143: 语法错误: 缺少“{”(在“*”的前面)
d:\c++\c-code\4_13\4_13\myqueue.h(121): error C2059: 语法错误:“)”
d:\c++\c-code\4_13\4_13\myqueue.h(122): error C2054: 在“q”之后应输入“(”
d:\c++\c-code\4_13\4_13\myqueue.h(125): error C2143: 语法错误: 缺少“)”(在“*”的前面)
d:\c++\c-code\4_13\4_13\myqueue.h(125): error C2143: 语法错误: 缺少“{”(在“*”的前面)
d:\c++\c-code\4_13\4_13\myqueue.h(125): error C2059: 语法错误:“)”
d:\c++\c-code\4_13\4_13\myqueue.h(126): error C2054: 在“q”之后应输入“(”
d:\c++\c-code\4_13\4_13\myqueue.h(139): error C2143: 语法错误: 缺少“)”(在“*”的前面)
d:\c++\c-code\4_13\4_13\myqueue.h(139): error C2143: 语法错误: 缺少“{”(在“*”的前面)
d:\c++\c-code\4_13\4_13\myqueue.h(139): error C2059: 语法错误:“)”
d:\c++\c-code\4_13\4_13\myqueue.h(140): error C2054: 在“q”之后应输入“(”
d:\c++\c-code\4_13\4_13\myqueue.h(145): error C2143: 语法错误: 缺少“)”(在“*”的前面)
d:\c++\c-code\4_13\4_13\myqueue.h(145): error C2143: 语法错误: 缺少“{”(在“*”的前面)
d:\c++\c-code\4_13\4_13\myqueue.h(145): error C2059: 语法错误:“)”
d:\c++\c-code\4_13\4_13\myqueue.h(146): error C2054: 在“q”之后应输入“(”
d:\c++\c-code\4_13\4_13\myqueue.h(159): error C2143: 语法错误: 缺少“{”(在“*”的前面)
d:\c++\c-code\4_13\4_13\myqueue.h(160): error C2065: “Queue”: 未声明的标识符
d:\c++\c-code\4_13\4_13\myqueue.h(160): error C2065: “ms”: 未声明的标识符
d:\c++\c-code\4_13\4_13\myqueue.h(160): error C2059: 语法错误:“)”
d:\c++\c-code\4_13\4_13\myqueue.h(161): warning C4013: “queueInit”未定义；假设外部返回 int
d:\c++\c-code\4_13\4_13\myqueue.h(161): error C2065: “ms”: 未声明的标识符
d:\c++\c-code\4_13\4_13\myqueue.h(165): error C2143: 语法错误: 缺少“)”(在“*”的前面)
d:\c++\c-code\4_13\4_13\myqueue.h(165): error C2143: 语法错误: 缺少“{”(在“*”的前面)
d:\c++\c-code\4_13\4_13\myqueue.h(165): error C2059: 语法错误:“类型”
d:\c++\c-code\4_13\4_13\myqueue.h(165): error C2059: 语法错误:“)”
d:\c++\c-code\4_13\4_13\myqueue.h(170): error C2143: 语法错误: 缺少“)”(在“*”的前面)
d:\c++\c-code\4_13\4_13\myqueue.h(170): error C2143: 语法错误: 缺少“{”(在“*”的前面)
d:\c++\c-code\4_13\4_13\myqueue.h(170): error C2059: 语法错误:“)”
d:\c++\c-code\4_13\4_13\myqueue.h(170): error C2054: 在“obj”之后应输入“(”
d:\c++\c-code\4_13\4_13\myqueue.h(175): error C2143: 语法错误: 缺少“)”(在“*”的前面)
d:\c++\c-code\4_13\4_13\myqueue.h(175): error C2143: 语法错误: 缺少“{”(在“*”的前面)
d:\c++\c-code\4_13\4_13\myqueue.h(175): error C2059: 语法错误:“)”
d:\c++\c-code\4_13\4_13\myqueue.h(175): error C2054: 在“obj”之后应输入“(”
d:\c++\c-code\4_13\4_13\myqueue.h(180): error C2143: 语法错误: 缺少“)”(在“*”的前面)
d:\c++\c-code\4_13\4_13\myqueue.h(180): error C2143: 语法错误: 缺少“{”(在“*”的前面)
d:\c++\c-code\4_13\4_13\myqueue.h(180): error C2059: 语法错误:“)”
d:\c++\c-code\4_13\4_13\myqueue.h(180): error C2054: 在“obj”之后应输入“(”
d:\c++\c-code\4_13\4_13\myqueue.h(184): error C2143: 语法错误: 缺少“)”(在“*”的前面)
d:\c++\c-code\4_13\4_13\myqueue.h(184): error C2143: 语法错误: 缺少“{”(在“*”的前面)
d:\c++\c-code\4_13\4_13\myqueue.h(184): error C2059: 语法错误:“)”
d:\c++\c-code\4_13\4_13\myqueue.h(184): error C2054: 在“obj”之后应输入“(”
